<?xml version="1.0" encoding="UTF-8"?>
<!-- Generated by org.testng.reporters.JUnitXMLReporter -->
<testsuite ignored="0" hostname="DESKTOP-F5D0N14" failures="7" tests="13" name="Test" time="211.922" errors="0" timestamp="2023-10-15T08:25:21 IST">
  <testcase classname="com.testcases.Holidays_Functionality_Test" name="@BeforeMethod setup" time="17.344">
    <failure type="org.openqa.selenium.TimeoutException" message="timeout: Timed out receiving message from renderer: 2.488
  (Session info: chrome=118.0.5993.70)
Build info: version: &amp;apos;4.11.0&amp;apos;, revision: &amp;apos;040bc5406b&amp;apos;
System info: os.name: &amp;apos;Windows 11&amp;apos;, os.arch: &amp;apos;amd64&amp;apos;, os.version: &amp;apos;10.0&amp;apos;, java.version: &amp;apos;17.0.8&amp;apos;
Driver info: org.openqa.selenium.chrome.ChromeDriver
Command: [26133fdc358a195cc936b3ef4ba95ce1, get {url=http://empirehome.myprojectsonline.co.in/}]
Capabilities {acceptInsecureCerts: false, browserName: chrome, browserVersion: 118.0.5993.70, chrome: {chromedriverVersion: 118.0.5993.70 (e52f33f30b91..., userDataDir: C:\Users\DELL\AppData\Local...}, fedcm:accounts: true, goog:chromeOptions: {debuggerAddress: localhost:64738}, networkConnectionEnabled: false, pageLoadStrategy: normal, platformName: windows, proxy: Proxy(), se:cdp: ws://localhost:64738/devtoo..., se:cdpVersion: 118.0.5993.70, setWindowRect: true, strictFileInteractability: false, timeouts: {implicit: 0, pageLoad: 300000, script: 30000}, unhandledPromptBehavior: dismiss and notify, webauthn:extension:credBlob: true, webauthn:extension:largeBlob: true, webauthn:extension:minPinLength: true, webauthn:extension:prf: true, webauthn:virtualAuthenticators: true}
Session ID: 26133fdc358a195cc936b3ef4ba95ce1">
      <![CDATA[org.openqa.selenium.TimeoutException: timeout: Timed out receiving message from renderer: 2.488
  (Session info: chrome=118.0.5993.70)
Build info: version: '4.11.0', revision: '040bc5406b'
System info: os.name: 'Windows 11', os.arch: 'amd64', os.version: '10.0', java.version: '17.0.8'
Driver info: org.openqa.selenium.chrome.ChromeDriver
Command: [26133fdc358a195cc936b3ef4ba95ce1, get {url=http://empirehome.myprojectsonline.co.in/}]
Capabilities {acceptInsecureCerts: false, browserName: chrome, browserVersion: 118.0.5993.70, chrome: {chromedriverVersion: 118.0.5993.70 (e52f33f30b91..., userDataDir: C:\Users\DELL\AppData\Local...}, fedcm:accounts: true, goog:chromeOptions: {debuggerAddress: localhost:64738}, networkConnectionEnabled: false, pageLoadStrategy: normal, platformName: windows, proxy: Proxy(), se:cdp: ws://localhost:64738/devtoo..., se:cdpVersion: 118.0.5993.70, setWindowRect: true, strictFileInteractability: false, timeouts: {implicit: 0, pageLoad: 300000, script: 30000}, unhandledPromptBehavior: dismiss and notify, webauthn:extension:credBlob: true, webauthn:extension:largeBlob: true, webauthn:extension:minPinLength: true, webauthn:extension:prf: true, webauthn:virtualAuthenticators: true}
Session ID: 26133fdc358a195cc936b3ef4ba95ce1
at org.openqa.selenium.remote.codec.w3c.W3CHttpResponseCodec.createException(W3CHttpResponseCodec.java:200)
at org.openqa.selenium.remote.codec.w3c.W3CHttpResponseCodec.decode(W3CHttpResponseCodec.java:133)
at org.openqa.selenium.remote.codec.w3c.W3CHttpResponseCodec.decode(W3CHttpResponseCodec.java:52)
at org.openqa.selenium.remote.HttpCommandExecutor.execute(HttpCommandExecutor.java:191)
at org.openqa.selenium.remote.service.DriverCommandExecutor.invokeExecute(DriverCommandExecutor.java:196)
at org.openqa.selenium.remote.service.DriverCommandExecutor.execute(DriverCommandExecutor.java:171)
at org.openqa.selenium.remote.RemoteWebDriver.execute(RemoteWebDriver.java:518)
at org.openqa.selenium.remote.RemoteWebDriver.get(RemoteWebDriver.java:300)
at com.base.Basetest.initialization(Basetest.java:63)
at com.testcases.Holidays_Functionality_Test.setup(Holidays_Functionality_Test.java:33)
at java.base/java.util.ArrayList.forEach(ArrayList.java:1511)
... Removed 36 stack frames]]>
    </failure>
  </testcase> <!-- @BeforeMethod setup -->
  <testcase classname="com.testcases.Holidays_Functionality_Test" name="@AfterMethod teardown" time="0.0">
    <skipped/>
  </testcase> <!-- @AfterMethod teardown -->
  <testcase classname="com.testcases.Employee_registration_Functionality_Test" name="@BeforeMethod setup" time="16.692">
    <failure type="org.openqa.selenium.TimeoutException" message="timeout: Timed out receiving message from renderer: 10.904
  (Session info: chrome=118.0.5993.70)
Build info: version: &amp;apos;4.11.0&amp;apos;, revision: &amp;apos;040bc5406b&amp;apos;
System info: os.name: &amp;apos;Windows 11&amp;apos;, os.arch: &amp;apos;amd64&amp;apos;, os.version: &amp;apos;10.0&amp;apos;, java.version: &amp;apos;17.0.8&amp;apos;
Driver info: org.openqa.selenium.chrome.ChromeDriver
Command: [62a77731a647b08f690c40851a6fb7fe, get {url=http://empirehome.myprojectsonline.co.in/}]
Capabilities {acceptInsecureCerts: false, browserName: chrome, browserVersion: 118.0.5993.70, chrome: {chromedriverVersion: 118.0.5993.70 (e52f33f30b91..., userDataDir: C:\Users\DELL\AppData\Local...}, fedcm:accounts: true, goog:chromeOptions: {debuggerAddress: localhost:64853}, networkConnectionEnabled: false, pageLoadStrategy: normal, platformName: windows, proxy: Proxy(), se:cdp: ws://localhost:64853/devtoo..., se:cdpVersion: 118.0.5993.70, setWindowRect: true, strictFileInteractability: false, timeouts: {implicit: 0, pageLoad: 300000, script: 30000}, unhandledPromptBehavior: dismiss and notify, webauthn:extension:credBlob: true, webauthn:extension:largeBlob: true, webauthn:extension:minPinLength: true, webauthn:extension:prf: true, webauthn:virtualAuthenticators: true}
Session ID: 62a77731a647b08f690c40851a6fb7fe">
      <![CDATA[org.openqa.selenium.TimeoutException: timeout: Timed out receiving message from renderer: 10.904
  (Session info: chrome=118.0.5993.70)
Build info: version: '4.11.0', revision: '040bc5406b'
System info: os.name: 'Windows 11', os.arch: 'amd64', os.version: '10.0', java.version: '17.0.8'
Driver info: org.openqa.selenium.chrome.ChromeDriver
Command: [62a77731a647b08f690c40851a6fb7fe, get {url=http://empirehome.myprojectsonline.co.in/}]
Capabilities {acceptInsecureCerts: false, browserName: chrome, browserVersion: 118.0.5993.70, chrome: {chromedriverVersion: 118.0.5993.70 (e52f33f30b91..., userDataDir: C:\Users\DELL\AppData\Local...}, fedcm:accounts: true, goog:chromeOptions: {debuggerAddress: localhost:64853}, networkConnectionEnabled: false, pageLoadStrategy: normal, platformName: windows, proxy: Proxy(), se:cdp: ws://localhost:64853/devtoo..., se:cdpVersion: 118.0.5993.70, setWindowRect: true, strictFileInteractability: false, timeouts: {implicit: 0, pageLoad: 300000, script: 30000}, unhandledPromptBehavior: dismiss and notify, webauthn:extension:credBlob: true, webauthn:extension:largeBlob: true, webauthn:extension:minPinLength: true, webauthn:extension:prf: true, webauthn:virtualAuthenticators: true}
Session ID: 62a77731a647b08f690c40851a6fb7fe
at org.openqa.selenium.remote.codec.w3c.W3CHttpResponseCodec.createException(W3CHttpResponseCodec.java:200)
at org.openqa.selenium.remote.codec.w3c.W3CHttpResponseCodec.decode(W3CHttpResponseCodec.java:133)
at org.openqa.selenium.remote.codec.w3c.W3CHttpResponseCodec.decode(W3CHttpResponseCodec.java:52)
at org.openqa.selenium.remote.HttpCommandExecutor.execute(HttpCommandExecutor.java:191)
at org.openqa.selenium.remote.service.DriverCommandExecutor.invokeExecute(DriverCommandExecutor.java:196)
at org.openqa.selenium.remote.service.DriverCommandExecutor.execute(DriverCommandExecutor.java:171)
at org.openqa.selenium.remote.RemoteWebDriver.execute(RemoteWebDriver.java:518)
at org.openqa.selenium.remote.RemoteWebDriver.get(RemoteWebDriver.java:300)
at com.base.Basetest.initialization(Basetest.java:63)
at com.testcases.Employee_registration_Functionality_Test.setup(Employee_registration_Functionality_Test.java:34)
at java.base/java.util.ArrayList.forEach(ArrayList.java:1511)
... Removed 36 stack frames]]>
    </failure>
  </testcase> <!-- @BeforeMethod setup -->
  <testcase classname="com.testcases.Employee_registration_Functionality_Test" name="@AfterMethod teardown" time="0.0">
    <skipped/>
  </testcase> <!-- @AfterMethod teardown -->
  <testcase classname="com.testcases.Add_Product_Inventory_Functionality_Test" name="Addproductvalidation" time="32.876"/>
  <testcase classname="com.testcases.Customer_functionality_Test" name="Customervalidation" time="37.202"/>
  <testcase classname="com.testcases.Login_Fuctionality_Test" name="loginvalidation" time="0.572">
    <failure type="java.lang.AssertionError" message="expected:&amp;lt;http://empirehome.myprojectsonline.co.in/Authenticate/Login&amp;gt; but was:&amp;lt;http://empirehome.myprojectsonline.co.in/EmpireHome/Dashboard&amp;gt;">
      <![CDATA[java.lang.AssertionError: expected:<http://empirehome.myprojectsonline.co.in/Authenticate/Login> but was:<http://empirehome.myprojectsonline.co.in/EmpireHome/Dashboard>
at com.testcases.Login_Fuctionality_Test.loginvalidation(Login_Fuctionality_Test.java:46)
at java.base/java.util.ArrayList.forEach(ArrayList.java:1511)
... Removed 29 stack frames]]>
    </failure>
  </testcase> <!-- loginvalidation -->
  <testcase classname="com.testcases.Login_Fuctionality_Test" name="loginvalidation" time="0.29">
    <failure type="java.lang.AssertionError" message="expected:&amp;lt;http://empirehome.myprojectsonline.co.in/&amp;gt; but was:&amp;lt;http://empirehome.myprojectsonline.co.in/EmpireHome/Dashboard&amp;gt;">
      <![CDATA[java.lang.AssertionError: expected:<http://empirehome.myprojectsonline.co.in/> but was:<http://empirehome.myprojectsonline.co.in/EmpireHome/Dashboard>
at com.testcases.Login_Fuctionality_Test.loginvalidation(Login_Fuctionality_Test.java:46)
at java.base/java.util.ArrayList.forEach(ArrayList.java:1511)
... Removed 29 stack frames]]>
    </failure>
  </testcase> <!-- loginvalidation -->
  <testcase classname="com.testcases.Login_Fuctionality_Test" name="loginvalidation" time="0.569">
    <failure type="java.lang.AssertionError" message="expected:&amp;lt;http://empirehome.myprojectsonline.co.in/&amp;gt; but was:&amp;lt;http://empirehome.myprojectsonline.co.in/EmpireHome/Dashboard&amp;gt;">
      <![CDATA[java.lang.AssertionError: expected:<http://empirehome.myprojectsonline.co.in/> but was:<http://empirehome.myprojectsonline.co.in/EmpireHome/Dashboard>
at com.testcases.Login_Fuctionality_Test.loginvalidation(Login_Fuctionality_Test.java:46)
at java.base/java.util.ArrayList.forEach(ArrayList.java:1511)
... Removed 29 stack frames]]>
    </failure>
  </testcase> <!-- loginvalidation -->
  <testcase classname="com.testcases.Login_Fuctionality_Test" name="loginvalidation" time="6.613"/>
  <testcase classname="com.testcases.Login_Fuctionality_Test" name="loginvalidation" time="0.767">
    <failure type="java.lang.AssertionError" message="expected:&amp;lt;http://empirehome.myprojectsonline.co.in/Authenticate/Login&amp;gt; but was:&amp;lt;http://empirehome.myprojectsonline.co.in/EmpireHome/Dashboard&amp;gt;">
      <![CDATA[java.lang.AssertionError: expected:<http://empirehome.myprojectsonline.co.in/Authenticate/Login> but was:<http://empirehome.myprojectsonline.co.in/EmpireHome/Dashboard>
at com.testcases.Login_Fuctionality_Test.loginvalidation(Login_Fuctionality_Test.java:46)
at java.base/java.util.ArrayList.forEach(ArrayList.java:1511)
... Removed 29 stack frames]]>
    </failure>
  </testcase> <!-- loginvalidation -->
  <testcase classname="com.testcases.Logintest" name="loginvalidation" time="15.343">
    <failure type="org.openqa.selenium.TimeoutException" message="timeout: Timed out receiving message from renderer: 15.000
  (Session info: chrome=118.0.5993.70)
Build info: version: &amp;apos;4.11.0&amp;apos;, revision: &amp;apos;040bc5406b&amp;apos;
System info: os.name: &amp;apos;Windows 11&amp;apos;, os.arch: &amp;apos;amd64&amp;apos;, os.version: &amp;apos;10.0&amp;apos;, java.version: &amp;apos;17.0.8&amp;apos;
Driver info: org.openqa.selenium.chrome.ChromeDriver
Command: [36292b38f9f80fdef88e2c4fd2ff1359, clickElement {id=D19D87819FE64CCB72940D3839F5D81D_element_13}]
Capabilities {acceptInsecureCerts: false, browserName: chrome, browserVersion: 118.0.5993.70, chrome: {chromedriverVersion: 118.0.5993.70 (e52f33f30b91..., userDataDir: C:\Users\DELL\AppData\Local...}, fedcm:accounts: true, goog:chromeOptions: {debuggerAddress: localhost:64634}, networkConnectionEnabled: false, pageLoadStrategy: normal, platformName: windows, proxy: Proxy(), se:cdp: ws://localhost:64634/devtoo..., se:cdpVersion: 118.0.5993.70, setWindowRect: true, strictFileInteractability: false, timeouts: {implicit: 0, pageLoad: 300000, script: 30000}, unhandledPromptBehavior: dismiss and notify, webauthn:extension:credBlob: true, webauthn:extension:largeBlob: true, webauthn:extension:minPinLength: true, webauthn:extension:prf: true, webauthn:virtualAuthenticators: true}
Element: [[ChromeDriver: chrome on windows (36292b38f9f80fdef88e2c4fd2ff1359)] -&amp;gt; xpath: //button[text()=&amp;apos;Login&amp;apos;]]
Session ID: 36292b38f9f80fdef88e2c4fd2ff1359">
      <![CDATA[org.openqa.selenium.TimeoutException: timeout: Timed out receiving message from renderer: 15.000
  (Session info: chrome=118.0.5993.70)
Build info: version: '4.11.0', revision: '040bc5406b'
System info: os.name: 'Windows 11', os.arch: 'amd64', os.version: '10.0', java.version: '17.0.8'
Driver info: org.openqa.selenium.chrome.ChromeDriver
Command: [36292b38f9f80fdef88e2c4fd2ff1359, clickElement {id=D19D87819FE64CCB72940D3839F5D81D_element_13}]
Capabilities {acceptInsecureCerts: false, browserName: chrome, browserVersion: 118.0.5993.70, chrome: {chromedriverVersion: 118.0.5993.70 (e52f33f30b91..., userDataDir: C:\Users\DELL\AppData\Local...}, fedcm:accounts: true, goog:chromeOptions: {debuggerAddress: localhost:64634}, networkConnectionEnabled: false, pageLoadStrategy: normal, platformName: windows, proxy: Proxy(), se:cdp: ws://localhost:64634/devtoo..., se:cdpVersion: 118.0.5993.70, setWindowRect: true, strictFileInteractability: false, timeouts: {implicit: 0, pageLoad: 300000, script: 30000}, unhandledPromptBehavior: dismiss and notify, webauthn:extension:credBlob: true, webauthn:extension:largeBlob: true, webauthn:extension:minPinLength: true, webauthn:extension:prf: true, webauthn:virtualAuthenticators: true}
Element: [[ChromeDriver: chrome on windows (36292b38f9f80fdef88e2c4fd2ff1359)] -> xpath: //button[text()='Login']]
Session ID: 36292b38f9f80fdef88e2c4fd2ff1359
at org.openqa.selenium.remote.codec.w3c.W3CHttpResponseCodec.createException(W3CHttpResponseCodec.java:200)
at org.openqa.selenium.remote.codec.w3c.W3CHttpResponseCodec.decode(W3CHttpResponseCodec.java:133)
at org.openqa.selenium.remote.codec.w3c.W3CHttpResponseCodec.decode(W3CHttpResponseCodec.java:52)
at org.openqa.selenium.remote.HttpCommandExecutor.execute(HttpCommandExecutor.java:191)
at org.openqa.selenium.remote.service.DriverCommandExecutor.invokeExecute(DriverCommandExecutor.java:196)
at org.openqa.selenium.remote.service.DriverCommandExecutor.execute(DriverCommandExecutor.java:171)
at org.openqa.selenium.remote.RemoteWebDriver.execute(RemoteWebDriver.java:518)
at org.openqa.selenium.remote.RemoteWebElement.execute(RemoteWebElement.java:224)
at org.openqa.selenium.remote.RemoteWebElement.click(RemoteWebElement.java:77)
at org.openqa.selenium.support.pagefactory.internal.LocatingElementHandler.invoke(LocatingElementHandler.java:51)
at jdk.proxy2/jdk.proxy2.$Proxy17.click(Unknown Source)
at com.pageobjects.LoginPage.verifylogin(LoginPage.java:31)
at com.testcases.Logintest.loginvalidation(Logintest.java:34)
at java.base/java.util.ArrayList.forEach(ArrayList.java:1511)
... Removed 35 stack frames]]>
    </failure>
  </testcase> <!-- loginvalidation -->
  <testcase classname="com.testcases.Holidays_Functionality_Test" name="Holidaysvalidation" time="0.001">
    <skipped/>
  </testcase> <!-- Holidaysvalidation -->
  <testcase classname="com.testcases.Usertype_Functionality_Test" name="Usertypevalidation" time="0.0">
    <failure type="java.lang.RuntimeException" message="java.lang.NullPointerException: Cannot invoke &amp;quot;org.apache.poi.ss.usermodel.Sheet.getLastRowNum()&amp;quot; because &amp;quot;sheet1&amp;quot; is null">
      <![CDATA[java.lang.RuntimeException: java.lang.NullPointerException: Cannot invoke "org.apache.poi.ss.usermodel.Sheet.getLastRowNum()" because "sheet1" is null
at java.base/java.util.ArrayList.forEach(ArrayList.java:1511)
Caused by: java.lang.NullPointerException: Cannot invoke "org.apache.poi.ss.usermodel.Sheet.getLastRowNum()" because "sheet1" is null
at com.utils.utils.Data(utils.java:24)
at com.testcases.Usertype_Functionality_Test.dataload(Usertype_Functionality_Test.java:31)
... 25 more
... Removed 32 stack frames]]>
    </failure>
  </testcase> <!-- Usertypevalidation -->
  <testcase classname="com.testcases.Stock_Move_Functionality_Test" name="Stockmovevalidation" time="0.139">
    <failure type="org.testng.internal.reflect.MethodMatcherException" message="
[public void com.testcases.Stock_Move_Functionality_Test.Stockmovevalidation(java.lang.String,java.lang.String,java.lang.String,java.lang.String,java.lang.String,java.lang.String) throws java.lang.Throwable] has no parameters defined but was found to be using a data provider (either explicitly specified or inherited from class level annotation).
Data provider mismatch
Method: Stockmovevalidation([java.lang.String arg0, java.lang.String arg1, java.lang.String arg2, java.lang.String arg3, java.lang.String arg4, java.lang.String arg5])
Arguments: [(java.lang.String) chair,(java.lang.String) Anil01270A,(java.lang.String) 2,(java.lang.String) chair,(java.lang.String) Anil01270A,(java.lang.String) 2,(java.lang.String) chair,(java.lang.String) Anil01270A,(java.lang.String) 2,(java.lang.String) chair,(java.lang.String) Anil01270A,(java.lang.String) 2]">
      <![CDATA[org.testng.internal.reflect.MethodMatcherException: 
[public void com.testcases.Stock_Move_Functionality_Test.Stockmovevalidation(java.lang.String,java.lang.String,java.lang.String,java.lang.String,java.lang.String,java.lang.String) throws java.lang.Throwable] has no parameters defined but was found to be using a data provider (either explicitly specified or inherited from class level annotation).
Data provider mismatch
Method: Stockmovevalidation([java.lang.String arg0, java.lang.String arg1, java.lang.String arg2, java.lang.String arg3, java.lang.String arg4, java.lang.String arg5])
Arguments: [(java.lang.String) chair,(java.lang.String) Anil01270A,(java.lang.String) 2,(java.lang.String) chair,(java.lang.String) Anil01270A,(java.lang.String) 2,(java.lang.String) chair,(java.lang.String) Anil01270A,(java.lang.String) 2,(java.lang.String) chair,(java.lang.String) Anil01270A,(java.lang.String) 2]
at java.base/java.util.ArrayList.forEach(ArrayList.java:1511)
... Removed 22 stack frames]]>
    </failure>
  </testcase> <!-- Stockmovevalidation -->
  <testcase classname="com.testcases.Logout_Functionality_Test" name="LogOutvalidation" time="13.601"/>
  <testcase classname="com.testcases.Employee_registration_Functionality_Test" name="Employeevalidation" time="0.0">
    <skipped/>
  </testcase> <!-- Employeevalidation -->
</testsuite> <!-- Test -->
